<?xml version="1.0" encoding="UTF-8"?>
<!-- Generated by org.testng.reporters.JUnitReportReporter -->
<testsuite hostname="nir-shalmon" name="com.rhhh.manager.RHHHSpaceSavingmanagerTest" tests="9" failures="0" timestamp="25 Sep 2017 07:18:26 GMT" time="1.781" errors="1">
  <testcase name="checkParallelism" time="0.005" classname="com.rhhh.manager.RHHHSpaceSavingmanagerTest"/>
  <testcase name="HHInLevel3Test" time="0.001" classname="com.rhhh.manager.RHHHSpaceSavingmanagerTest"/>
  <testcase name="subtractSonsTest" time="0.014" classname="com.rhhh.manager.RHHHSpaceSavingmanagerTest"/>
  <testcase name="oneIpTest" time="0.000" classname="com.rhhh.manager.RHHHSpaceSavingmanagerTest"/>
  <testcase name="HHInLevel1Test" time="0.002" classname="com.rhhh.manager.RHHHSpaceSavingmanagerTest">
    <error type="java.lang.AssertionError">
      <![CDATA[java.lang.AssertionError
	at com.rhhh.manager.RHHHSpaceSavingmanagerTest.HHInLevel1Test(RHHHSpaceSavingmanagerTest.java:136)
	at sun.reflect.NativeMethodAccessorImpl.invoke0(Native Method)
	at sun.reflect.NativeMethodAccessorImpl.invoke(NativeMethodAccessorImpl.java:62)
	at sun.reflect.DelegatingMethodAccessorImpl.invoke(DelegatingMethodAccessorImpl.java:43)
	at java.lang.reflect.Method.invoke(Method.java:498)
	at org.junit.runners.model.FrameworkMethod$1.runReflectiveCall(FrameworkMethod.java:50)
	at org.junit.internal.runners.model.ReflectiveCallable.run(ReflectiveCallable.java:12)
	at org.junit.runners.model.FrameworkMethod.invokeExplosively(FrameworkMethod.java:47)
	at org.junit.internal.runners.statements.InvokeMethod.evaluate(InvokeMethod.java:17)
	at org.junit.internal.runners.statements.RunBefores.evaluate(RunBefores.java:26)
	at org.junit.internal.runners.statements.RunAfters.evaluate(RunAfters.java:27)
	at org.junit.runners.ParentRunner.runLeaf(ParentRunner.java:325)
	at org.junit.runners.BlockJUnit4ClassRunner.runChild(BlockJUnit4ClassRunner.java:78)
	at org.junit.runners.BlockJUnit4ClassRunner.runChild(BlockJUnit4ClassRunner.java:57)
	at org.junit.runners.ParentRunner$3.run(ParentRunner.java:290)
	at org.junit.runners.ParentRunner$1.schedule(ParentRunner.java:71)
	at org.junit.runners.ParentRunner.runChildren(ParentRunner.java:288)
	at org.junit.runners.ParentRunner.access$000(ParentRunner.java:58)
	at org.junit.runners.ParentRunner$2.evaluate(ParentRunner.java:268)
	at org.junit.runners.ParentRunner.run(ParentRunner.java:363)
	at org.junit.runner.JUnitCore.run(JUnitCore.java:137)
	at org.junit.runner.JUnitCore.run(JUnitCore.java:115)
	at org.testng.junit.JUnit4TestRunner.start(JUnit4TestRunner.java:81)
	at org.testng.junit.JUnit4TestRunner.run(JUnit4TestRunner.java:69)
	at org.testng.TestRunner$1.run(TestRunner.java:682)
	at org.testng.TestRunner.runWorkers(TestRunner.java:1005)
	at org.testng.TestRunner.privateRunJUnit(TestRunner.java:713)
	at org.testng.TestRunner.run(TestRunner.java:614)
	at org.testng.SuiteRunner.runTest(SuiteRunner.java:334)
	at org.testng.SuiteRunner.runSequentially(SuiteRunner.java:329)
	at org.testng.SuiteRunner.privateRun(SuiteRunner.java:291)
	at org.testng.SuiteRunner.run(SuiteRunner.java:240)
	at org.testng.SuiteRunnerWorker.runSuite(SuiteRunnerWorker.java:52)
	at org.testng.SuiteRunnerWorker.run(SuiteRunnerWorker.java:86)
	at org.testng.TestNG.runSuitesSequentially(TestNG.java:1224)
	at org.testng.TestNG.runSuitesLocally(TestNG.java:1149)
	at org.testng.TestNG.run(TestNG.java:1057)
	at org.apache.maven.surefire.testng.TestNGExecutor.run(TestNGExecutor.java:115)
	at org.apache.maven.surefire.testng.TestNGDirectoryTestSuite.executeMulti(TestNGDirectoryTestSuite.java:212)
	at org.apache.maven.surefire.testng.TestNGDirectoryTestSuite.execute(TestNGDirectoryTestSuite.java:108)
	at org.apache.maven.surefire.testng.TestNGProvider.invoke(TestNGProvider.java:111)
	at org.apache.maven.surefire.booter.ForkedBooter.invokeProviderInSameClassLoader(ForkedBooter.java:203)
	at org.apache.maven.surefire.booter.ForkedBooter.runSuitesInProcess(ForkedBooter.java:155)
	at org.apache.maven.surefire.booter.ForkedBooter.main(ForkedBooter.java:103)
]]>
    </error>
  </testcase> <!-- HHInLevel1Test -->
  <testcase name="getHeavyHittersSmallTest" time="0.001" classname="com.rhhh.manager.RHHHSpaceSavingmanagerTest"/>
  <testcase name="getHeavyHittersTinyTest" time="0.001" classname="com.rhhh.manager.RHHHSpaceSavingmanagerTest"/>
  <testcase name="subtractSonsAndBeHHTest" time="0.036" classname="com.rhhh.manager.RHHHSpaceSavingmanagerTest"/>
  <testcase name="getHeavyHittersBigTest" time="1.721" classname="com.rhhh.manager.RHHHSpaceSavingmanagerTest"/>
</testsuite> <!-- com.rhhh.manager.RHHHSpaceSavingmanagerTest -->
