<html>
<head>
<title>TestNG:  Surefire test</title>
<link href="../testng.css" rel="stylesheet" type="text/css" />
<link href="../my-testng.css" rel="stylesheet" type="text/css" />

<style type="text/css">
.log { display: none;} 
.stack-trace { display: none;} 
</style>
<script type="text/javascript">
<!--
function flip(e) {
  current = e.style.display;
  if (current == 'block') {
    e.style.display = 'none';
    return 0;
  }
  else {
    e.style.display = 'block';
    return 1;
  }
}

function toggleBox(szDivId, elem, msg1, msg2)
{
  var res = -1;  if (document.getElementById) {
    res = flip(document.getElementById(szDivId));
  }
  else if (document.all) {
    // this is the way old msie versions work
    res = flip(document.all[szDivId]);
  }
  if(elem) {
    if(res == 0) elem.innerHTML = msg1; else elem.innerHTML = msg2;
  }

}

function toggleAllBoxes() {
  if (document.getElementsByTagName) {
    d = document.getElementsByTagName('div');
    for (i = 0; i < d.length; i++) {
      if (d[i].className == 'log') {
        flip(d[i]);
      }
    }
  }
}

// -->
</script>

</head>
<body>
<h2 align='center'>Surefire test</h2><table border='1' align="center">
<tr>
<td>Tests passed/Failed/Skipped:</td><td>8/1/0</td>
</tr><tr>
<td>Started on:</td><td>Mon Sep 25 10:18:24 IDT 2017</td>
</tr>
<tr><td>Total time:</td><td>1 seconds (1806 ms)</td>
</tr><tr>
<td>Included groups:</td><td></td>
</tr><tr>
<td>Excluded groups:</td><td>org.apache.storm.testing.IntegrationTest </td>
</tr>
</table><p/>
<small><i>(Hover the method name to see the test class name)</i></small><p/>
<table width='100%' border='1' class='invocation-failed'>
<tr><td colspan='4' align='center'><b>FAILED TESTS</b></td></tr>
<tr><td><b>Test method</b></td>
<td width="30%"><b>Exception</b></td>
<td width="10%"><b>Time (seconds)</b></td>
<td><b>Instance</b></td>
</tr>
<tr>
<td title='com.rhhh.manager.RHHHSpaceSavingmanagerTest.HHInLevel1Test()'><b>HHInLevel1Test</b><br>Test class: com.rhhh.manager.RHHHSpaceSavingmanagerTest</td>
<td><div><pre>java.lang.AssertionError
	at com.rhhh.manager.RHHHSpaceSavingmanagerTest.HHInLevel1Test(RHHHSpaceSavingmanagerTest.java:136)
	at org.junit.runners.model.FrameworkMethod$1.runReflectiveCall(FrameworkMethod.java:50)
	at org.junit.internal.runners.model.ReflectiveCallable.run(ReflectiveCallable.java:12)
	at org.junit.runners.model.FrameworkMethod.invokeExplosively(FrameworkMethod.java:47)
	at org.junit.internal.runners.statements.InvokeMethod.evaluate(InvokeMethod.java:17)
	at org.junit.internal.runners.statements.RunBefores.evaluate(RunBefores.java:26)
	at org.junit.internal.runners.statements.RunAfters.evaluate(RunAfters.java:27)
	at org.junit.runners.ParentRunner.runLeaf(ParentRunner.java:325)
	at org.junit.runners.BlockJUnit4ClassRunner.runChild(BlockJUnit4ClassRunner.java:78)
	at org.junit.runners.BlockJUnit4ClassRunner.runChild(BlockJUnit4ClassRunner.java:57)
	at org.junit.runners.ParentRunner$3.run(ParentRunner.java:290)
	at org.junit.runners.ParentRunner$1.schedule(ParentRunner.java:71)
	at org.junit.runners.ParentRunner.runChildren(ParentRunner.java:288)
	at org.junit.runners.ParentRunner.access$000(ParentRunner.java:58)
	at org.junit.runners.ParentRunner$2.evaluate(ParentRunner.java:268)
	at org.junit.runners.ParentRunner.run(ParentRunner.java:363)
	at org.junit.runner.JUnitCore.run(JUnitCore.java:137)
	at org.junit.runner.JUnitCore.run(JUnitCore.java:115)
... Removed 26 stack frames</pre></div><a href='#' onClick='toggleBox("stack-trace319558327", this, "Click to show all stack frames", "Click to hide stack frames")'>Click to show all stack frames</a>
<div class='stack-trace' id='stack-trace319558327'><pre>java.lang.AssertionError
	at com.rhhh.manager.RHHHSpaceSavingmanagerTest.HHInLevel1Test(RHHHSpaceSavingmanagerTest.java:136)
	at sun.reflect.NativeMethodAccessorImpl.invoke0(Native Method)
	at sun.reflect.NativeMethodAccessorImpl.invoke(NativeMethodAccessorImpl.java:62)
	at sun.reflect.DelegatingMethodAccessorImpl.invoke(DelegatingMethodAccessorImpl.java:43)
	at java.lang.reflect.Method.invoke(Method.java:498)
	at org.junit.runners.model.FrameworkMethod$1.runReflectiveCall(FrameworkMethod.java:50)
	at org.junit.internal.runners.model.ReflectiveCallable.run(ReflectiveCallable.java:12)
	at org.junit.runners.model.FrameworkMethod.invokeExplosively(FrameworkMethod.java:47)
	at org.junit.internal.runners.statements.InvokeMethod.evaluate(InvokeMethod.java:17)
	at org.junit.internal.runners.statements.RunBefores.evaluate(RunBefores.java:26)
	at org.junit.internal.runners.statements.RunAfters.evaluate(RunAfters.java:27)
	at org.junit.runners.ParentRunner.runLeaf(ParentRunner.java:325)
	at org.junit.runners.BlockJUnit4ClassRunner.runChild(BlockJUnit4ClassRunner.java:78)
	at org.junit.runners.BlockJUnit4ClassRunner.runChild(BlockJUnit4ClassRunner.java:57)
	at org.junit.runners.ParentRunner$3.run(ParentRunner.java:290)
	at org.junit.runners.ParentRunner$1.schedule(ParentRunner.java:71)
	at org.junit.runners.ParentRunner.runChildren(ParentRunner.java:288)
	at org.junit.runners.ParentRunner.access$000(ParentRunner.java:58)
	at org.junit.runners.ParentRunner$2.evaluate(ParentRunner.java:268)
	at org.junit.runners.ParentRunner.run(ParentRunner.java:363)
	at org.junit.runner.JUnitCore.run(JUnitCore.java:137)
	at org.junit.runner.JUnitCore.run(JUnitCore.java:115)
	at org.testng.junit.JUnit4TestRunner.start(JUnit4TestRunner.java:81)
	at org.testng.junit.JUnit4TestRunner.run(JUnit4TestRunner.java:69)
	at org.testng.TestRunner$1.run(TestRunner.java:682)
	at org.testng.TestRunner.runWorkers(TestRunner.java:1005)
	at org.testng.TestRunner.privateRunJUnit(TestRunner.java:713)
	at org.testng.TestRunner.run(TestRunner.java:614)
	at org.testng.SuiteRunner.runTest(SuiteRunner.java:334)
	at org.testng.SuiteRunner.runSequentially(SuiteRunner.java:329)
	at org.testng.SuiteRunner.privateRun(SuiteRunner.java:291)
	at org.testng.SuiteRunner.run(SuiteRunner.java:240)
	at org.testng.SuiteRunnerWorker.runSuite(SuiteRunnerWorker.java:52)
	at org.testng.SuiteRunnerWorker.run(SuiteRunnerWorker.java:86)
	at org.testng.TestNG.runSuitesSequentially(TestNG.java:1224)
	at org.testng.TestNG.runSuitesLocally(TestNG.java:1149)
	at org.testng.TestNG.run(TestNG.java:1057)
	at org.apache.maven.surefire.testng.TestNGExecutor.run(TestNGExecutor.java:115)
	at org.apache.maven.surefire.testng.TestNGDirectoryTestSuite.executeMulti(TestNGDirectoryTestSuite.java:212)
	at org.apache.maven.surefire.testng.TestNGDirectoryTestSuite.execute(TestNGDirectoryTestSuite.java:108)
	at org.apache.maven.surefire.testng.TestNGProvider.invoke(TestNGProvider.java:111)
	at org.apache.maven.surefire.booter.ForkedBooter.invokeProviderInSameClassLoader(ForkedBooter.java:203)
	at org.apache.maven.surefire.booter.ForkedBooter.runSuitesInProcess(ForkedBooter.java:155)
	at org.apache.maven.surefire.booter.ForkedBooter.main(ForkedBooter.java:103)
</pre></div></td>
<td>0</td>
<td>HHInLevel1Test(com.rhhh.manager.RHHHSpaceSavingmanagerTest)</td></tr>
</table><p>
<table width='100%' border='1' class='invocation-passed'>
<tr><td colspan='4' align='center'><b>PASSED TESTS</b></td></tr>
<tr><td><b>Test method</b></td>
<td width="30%"><b>Exception</b></td>
<td width="10%"><b>Time (seconds)</b></td>
<td><b>Instance</b></td>
</tr>
<tr>
<td title='com.rhhh.manager.RHHHSpaceSavingmanagerTest.HHInLevel3Test()'><b>HHInLevel3Test</b><br>Test class: com.rhhh.manager.RHHHSpaceSavingmanagerTest</td>
<td></td>
<td>0</td>
<td>HHInLevel3Test(com.rhhh.manager.RHHHSpaceSavingmanagerTest)</td></tr>
<tr>
<td title='com.rhhh.manager.RHHHSpaceSavingmanagerTest.checkParallelism()'><b>checkParallelism</b><br>Test class: com.rhhh.manager.RHHHSpaceSavingmanagerTest</td>
<td></td>
<td>0</td>
<td>checkParallelism(com.rhhh.manager.RHHHSpaceSavingmanagerTest)</td></tr>
<tr>
<td title='com.rhhh.manager.RHHHSpaceSavingmanagerTest.getHeavyHittersBigTest()'><b>getHeavyHittersBigTest</b><br>Test class: com.rhhh.manager.RHHHSpaceSavingmanagerTest</td>
<td></td>
<td>1</td>
<td>getHeavyHittersBigTest(com.rhhh.manager.RHHHSpaceSavingmanagerTest)</td></tr>
<tr>
<td title='com.rhhh.manager.RHHHSpaceSavingmanagerTest.getHeavyHittersSmallTest()'><b>getHeavyHittersSmallTest</b><br>Test class: com.rhhh.manager.RHHHSpaceSavingmanagerTest</td>
<td></td>
<td>0</td>
<td>getHeavyHittersSmallTest(com.rhhh.manager.RHHHSpaceSavingmanagerTest)</td></tr>
<tr>
<td title='com.rhhh.manager.RHHHSpaceSavingmanagerTest.getHeavyHittersTinyTest()'><b>getHeavyHittersTinyTest</b><br>Test class: com.rhhh.manager.RHHHSpaceSavingmanagerTest</td>
<td></td>
<td>0</td>
<td>getHeavyHittersTinyTest(com.rhhh.manager.RHHHSpaceSavingmanagerTest)</td></tr>
<tr>
<td title='com.rhhh.manager.RHHHSpaceSavingmanagerTest.oneIpTest()'><b>oneIpTest</b><br>Test class: com.rhhh.manager.RHHHSpaceSavingmanagerTest</td>
<td></td>
<td>0</td>
<td>oneIpTest(com.rhhh.manager.RHHHSpaceSavingmanagerTest)</td></tr>
<tr>
<td title='com.rhhh.manager.RHHHSpaceSavingmanagerTest.subtractSonsAndBeHHTest()'><b>subtractSonsAndBeHHTest</b><br>Test class: com.rhhh.manager.RHHHSpaceSavingmanagerTest</td>
<td></td>
<td>0</td>
<td>subtractSonsAndBeHHTest(com.rhhh.manager.RHHHSpaceSavingmanagerTest)</td></tr>
<tr>
<td title='com.rhhh.manager.RHHHSpaceSavingmanagerTest.subtractSonsTest()'><b>subtractSonsTest</b><br>Test class: com.rhhh.manager.RHHHSpaceSavingmanagerTest</td>
<td></td>
<td>0</td>
<td>subtractSonsTest(com.rhhh.manager.RHHHSpaceSavingmanagerTest)</td></tr>
</table><p>
</body>
</html>