<?xml version="1.0" encoding="UTF-8"?>
<!-- Generated by org.testng.reporters.JUnitXMLReporter -->
<testsuite hostname="nir-shalmon" name="Surefire test" tests="9" failures="1" timestamp="25 Sep 2017 07:18:26 GMT" time="1.806" errors="0">
  <testcase name="subtractSonsTest on subtractSonsTest(com.rhhh.manager.RHHHSpaceSavingmanagerTest)" time="0.014" classname="com.rhhh.manager.RHHHSpaceSavingmanagerTest"/>
  <testcase name="checkParallelism on checkParallelism(com.rhhh.manager.RHHHSpaceSavingmanagerTest)" time="0.005" classname="com.rhhh.manager.RHHHSpaceSavingmanagerTest"/>
  <testcase name="subtractSonsAndBeHHTest on subtractSonsAndBeHHTest(com.rhhh.manager.RHHHSpaceSavingmanagerTest)" time="0.036" classname="com.rhhh.manager.RHHHSpaceSavingmanagerTest"/>
  <testcase name="getHeavyHittersSmallTest on getHeavyHittersSmallTest(com.rhhh.manager.RHHHSpaceSavingmanagerTest)" time="0.001" classname="com.rhhh.manager.RHHHSpaceSavingmanagerTest"/>
  <testcase name="getHeavyHittersBigTest on getHeavyHittersBigTest(com.rhhh.manager.RHHHSpaceSavingmanagerTest)" time="1.721" classname="com.rhhh.manager.RHHHSpaceSavingmanagerTest"/>
  <testcase name="HHInLevel1Test on HHInLevel1Test(com.rhhh.manager.RHHHSpaceSavingmanagerTest)" time="0.002" classname="com.rhhh.manager.RHHHSpaceSavingmanagerTest">
    <failure type="java.lang.AssertionError">
      <![CDATA[java.lang.AssertionError
	at com.rhhh.manager.RHHHSpaceSavingmanagerTest.HHInLevel1Test(RHHHSpaceSavingmanagerTest.java:136)
	at org.junit.runners.model.FrameworkMethod$1.runReflectiveCall(FrameworkMethod.java:50)
	at org.junit.internal.runners.model.ReflectiveCallable.run(ReflectiveCallable.java:12)
	at org.junit.runners.model.FrameworkMethod.invokeExplosively(FrameworkMethod.java:47)
	at org.junit.internal.runners.statements.InvokeMethod.evaluate(InvokeMethod.java:17)
	at org.junit.internal.runners.statements.RunBefores.evaluate(RunBefores.java:26)
	at org.junit.internal.runners.statements.RunAfters.evaluate(RunAfters.java:27)
	at org.junit.runners.ParentRunner.runLeaf(ParentRunner.java:325)
	at org.junit.runners.BlockJUnit4ClassRunner.runChild(BlockJUnit4ClassRunner.java:78)
	at org.junit.runners.BlockJUnit4ClassRunner.runChild(BlockJUnit4ClassRunner.java:57)
	at org.junit.runners.ParentRunner$3.run(ParentRunner.java:290)
	at org.junit.runners.ParentRunner$1.schedule(ParentRunner.java:71)
	at org.junit.runners.ParentRunner.runChildren(ParentRunner.java:288)
	at org.junit.runners.ParentRunner.access$000(ParentRunner.java:58)
	at org.junit.runners.ParentRunner$2.evaluate(ParentRunner.java:268)
	at org.junit.runners.ParentRunner.run(ParentRunner.java:363)
	at org.junit.runner.JUnitCore.run(JUnitCore.java:137)
	at org.junit.runner.JUnitCore.run(JUnitCore.java:115)
... Removed 26 stack frames]]>
    </failure>
  </testcase> <!-- HHInLevel1Test on HHInLevel1Test(com.rhhh.manager.RHHHSpaceSavingmanagerTest) -->
  <testcase name="HHInLevel3Test on HHInLevel3Test(com.rhhh.manager.RHHHSpaceSavingmanagerTest)" time="0.001" classname="com.rhhh.manager.RHHHSpaceSavingmanagerTest"/>
  <testcase name="oneIpTest on oneIpTest(com.rhhh.manager.RHHHSpaceSavingmanagerTest)" time="0.0" classname="com.rhhh.manager.RHHHSpaceSavingmanagerTest"/>
  <testcase name="getHeavyHittersTinyTest on getHeavyHittersTinyTest(com.rhhh.manager.RHHHSpaceSavingmanagerTest)" time="0.001" classname="com.rhhh.manager.RHHHSpaceSavingmanagerTest"/>
</testsuite> <!-- Surefire test -->
